#
# A fatal error has been detected by the Java Runtime Environment:
#
#  EXCEPTION_ACCESS_VIOLATION (0xc0000005) at pc=0x00000000027531e6, pid=4060, tid=0x000000000000097c
#
# JRE version: OpenJDK Runtime Environment (8.0_112-b06) (build 1.8.0_112-release-b06)
# Java VM: OpenJDK 64-Bit Server VM (25.112-b06 mixed mode windows-amd64 compressed oops)
# Problematic frame:
# j  com.google.common.cache.LocalCache$Segment.drainRecencyQueue()V+9
#
# Failed to write core dump. Minidumps are not enabled by default on client versions of Windows
#
# If you would like to submit a bug report, please visit:
#   http://bugreport.java.com/bugreport/crash.jsp
#

---------------  T H R E A D  ---------------

Current thread (0x0000000059139000):  JavaThread "Daemon worker Thread 3" [_thread_in_Java, id=2428, stack(0x000000005b6e0000,0x000000005b7e0000)]

siginfo: ExceptionCode=0xc0000005, reading address 0x00000000b060f23b

Registers:
RAX=0x0000000015b0b1b8, RBX=0x00000000b060f223, RCX=0x0000000000000018, RDX=0x00000000a07fd44c
RSP=0x000000005b7dc980, RBP=0x000000005b7dc9c0, RSI=0x0000000058979298, RDI=0x0000000000000001
R8 =0x003100cc03c80164, R9 =0x003100cd03cb0165, R10=0x000000006e301e80, R11=0x000000005b7dc930
R12=0x0000000000000000, R13=0x000000005b36afc9, R14=0x000000005b7dc9d8, R15=0x0000000059139000
RIP=0x00000000027531e6, EFLAGS=0x0000000000010212

Top of Stack: (sp=0x000000005b7dc980)
0x000000005b7dc980:   000000005b7dc980 000000005b36afc9
0x000000005b7dc990:   000000005b7dc9d8 000000005b370518
0x000000005b7dc9a0:   00000000600edef0 000000005b36b010
0x000000005b7dc9b0:   0000000000000000 000000005b7dc9d8
0x000000005b7dc9c0:   000000005b7dca20 0000000002738071
0x000000005b7dc9d0:   0000000000000000 00000000a01d4da8
0x000000005b7dc9e0:   000000005b7dc9e0 000000005b36b179
0x000000005b7dc9f0:   000000005b7dca48 000000005b370518
0x000000005b7dca00:   0000000060e2ead0 000000005b36b220
0x000000005b7dca10:   000000005b7dc9d8 000000005b7dca38
0x000000005b7dca20:   000000005b7dca90 0000000002738071
0x000000005b7dca30:   0000000000000000 0000000000000000
0x000000005b7dca40:   deaddeaf00000000 00000000a01d4da8
0x000000005b7dca50:   000000005b7dca50 000000005b36e4cd
0x000000005b7dca60:   000000005b7dcab8 000000005b370518
0x000000005b7dca70:   0000000060e2e1c8 000000005b36e528 

Instructions: (pc=0x00000000027531e6)
0x00000000027531c6:   89 59 10 bf 01 00 00 00 48 89 79 18 48 83 c1 30
0x00000000027531d6:   48 89 4d e0 48 3b d8 0f 84 5b 00 00 00 8b 48 0c
0x00000000027531e6:   48 3b 04 0b 0f 84 4e 00 00 00 83 f9 18 0f 85 22
0x00000000027531f6:   00 00 00 50 48 8b c0 57 48 8b 7b 20 8b 0f 48 83 


Register to memory mapping:

RAX=0x0000000015b0b1b8 is pointing into metadata
RBX=0x00000000b060f223 is an unallocated location in the heap
RCX=0x0000000000000018 is an unknown value
RDX=0x00000000a07fd44c is pointing into object: 0x00000000a07fd448
com.google.common.cache.LocalCache$StrongAccessEntry 
 - klass: 'com/google/common/cache/LocalCache$StrongAccessEntry'
RSP=0x000000005b7dc980 is pointing into the stack for thread: 0x0000000059139000
RBP=0x000000005b7dc9c0 is pointing into the stack for thread: 0x0000000059139000
RSI=0x0000000058979298 is an unknown value
RDI=0x0000000000000001 is an unknown value
R8 =0x003100cc03c80164 is an unknown value
R9 =0x003100cd03cb0165 is an unknown value
R10=0x000000006e301e80 is an unknown value
R11=0x000000005b7dc930 is pointing into the stack for thread: 0x0000000059139000
R12=0x0000000000000000 is an unknown value
R13=0x000000005b36afc9 is pointing into metadata
R14=0x000000005b7dc9d8 is pointing into the stack for thread: 0x0000000059139000
R15=0x0000000059139000 is a thread


Stack: [0x000000005b6e0000,0x000000005b7e0000],  sp=0x000000005b7dc980,  free space=1010k
Native frames: (J=compiled Java code, j=interpreted, Vv=VM code, C=native code)
C  0x00000000027531e6


---------------  P R O C E S S  ---------------

Java Threads: ( => current thread )
  0x0000000059135000 JavaThread "Stdin handler" [_thread_blocked, id=2384, stack(0x000000005e690000,0x000000005e790000)]
  0x000000005913f800 JavaThread "Asynchronous log dispatcher for DefaultDaemonConnection: socket connection from /127.0.0.1:49213 to /127.0.0.1:49982" [_thread_blocked, id=2376, stack(0x000000005bab0000,0x000000005bbb0000)]
=>0x0000000059139000 JavaThread "Daemon worker Thread 3" [_thread_in_Java, id=2428, stack(0x000000005b6e0000,0x000000005b7e0000)]
  0x0000000059137800 JavaThread "Cancel handler" [_thread_blocked, id=1576, stack(0x000000005b5e0000,0x000000005b6e0000)]
  0x0000000059136000 JavaThread "Handler for socket connection from /127.0.0.1:49213 to /127.0.0.1:49982" [_thread_in_native, id=2148, stack(0x000000005af70000,0x000000005b070000)]
  0x000000005913c800 JavaThread "Daemon Thread 3" [_thread_blocked, id=3728, stack(0x000000005b4b0000,0x000000005b5b0000)]
  0x0000000058b7e800 JavaThread "pool-6-thread-4" [_thread_blocked, id=5812, stack(0x00000000641b0000,0x00000000642b0000)]
  0x0000000058b7d800 JavaThread "pool-6-thread-3" [_thread_blocked, id=5652, stack(0x00000000645a0000,0x00000000646a0000)]
  0x0000000058b7d000 JavaThread "pool-6-thread-2" [_thread_blocked, id=5784, stack(0x0000000064460000,0x0000000064560000)]
  0x0000000058b7b800 JavaThread "pool-6-thread-1" [_thread_blocked, id=6132, stack(0x0000000063de0000,0x0000000063ee0000)]
  0x0000000059142800 JavaThread "pool-2-thread-1" [_thread_blocked, id=1868, stack(0x000000005b8e0000,0x000000005b9e0000)]
  0x000000005913a800 JavaThread "File lock request listener" [_thread_in_native, id=2248, stack(0x000000005bfa0000,0x000000005c0a0000)]
  0x0000000059136800 JavaThread "pool-1-thread-1" [_thread_blocked, id=472, stack(0x000000005b380000,0x000000005b480000)]
  0x0000000059133800 JavaThread "Incoming local TCP Connector on port 49213" [_thread_in_native, id=1144, stack(0x000000005b080000,0x000000005b180000)]
  0x0000000057d3a000 JavaThread "Service Thread" daemon [_thread_blocked, id=1288, stack(0x00000000581b0000,0x00000000582b0000)]
  0x000000005631d000 JavaThread "C1 CompilerThread2" daemon [_thread_blocked, id=1632, stack(0x0000000057bd0000,0x0000000057cd0000)]
  0x000000005631c000 JavaThread "C2 CompilerThread1" daemon [_thread_blocked, id=3376, stack(0x00000000574b0000,0x00000000575b0000)]
  0x000000005630f800 JavaThread "C2 CompilerThread0" daemon [_thread_blocked, id=1876, stack(0x0000000057a50000,0x0000000057b50000)]
  0x000000005630a000 JavaThread "Attach Listener" daemon [_thread_blocked, id=1716, stack(0x00000000578d0000,0x00000000579d0000)]
  0x000000005631a800 JavaThread "Signal Dispatcher" daemon [_thread_blocked, id=2548, stack(0x0000000057200000,0x0000000057300000)]
  0x00000000562f7000 JavaThread "Finalizer" daemon [_thread_blocked, id=3432, stack(0x00000000577d0000,0x00000000578d0000)]
  0x00000000562af800 JavaThread "Reference Handler" daemon [_thread_blocked, id=2640, stack(0x00000000575e0000,0x00000000576e0000)]
  0x000000000221d800 JavaThread "main" [_thread_blocked, id=3184, stack(0x0000000002360000,0x0000000002460000)]

Other Threads:
  0x00000000562a8000 VMThread [stack: 0x00000000573b0000,0x00000000574b0000] [id=3316]
  0x0000000057d43000 WatcherThread [stack: 0x0000000058310000,0x0000000058410000] [id=3764]

VM state:not at safepoint (normal execution)

VM Mutex/Monitor currently owned by a thread: None

Heap:
 PSYoungGen      total 445952K, used 74720K [0x00000000e0000000, 0x0000000100000000, 0x0000000100000000)
  eden space 419840K, 15% used [0x00000000e0000000,0x00000000e3fea840,0x00000000f9a00000)
  from space 26112K, 35% used [0x00000000f9a00000,0x00000000fa30dab8,0x00000000fb380000)
  to   space 25088K, 0% used [0x00000000fe780000,0x00000000fe780000,0x0000000100000000)
 ParOldGen       total 117760K, used 65030K [0x00000000a0000000, 0x00000000a7300000, 0x00000000e0000000)
  object space 117760K, 55% used [0x00000000a0000000,0x00000000a3f81a78,0x00000000a7300000)
 Metaspace       used 76584K, capacity 80112K, committed 80216K, reserved 1118208K
  class space    used 9888K, capacity 10581K, committed 10624K, reserved 1048576K

Card table byte_map: [0x0000000011af0000,0x0000000011e00000] byte_map_base: 0x00000000115f0000

Marking Bits: (ParMarkBitMap*) 0x000000006e3118f0
 Begin Bits: [0x0000000012620000, 0x0000000013e20000)
 End Bits:   [0x0000000013e20000, 0x0000000015620000)

Polling page: 0x0000000000230000

CodeCache: size=245760Kb used=41776Kb max_used=41802Kb free=203983Kb
 bounds [0x0000000002730000, 0x0000000005040000, 0x0000000011730000]
 total_blobs=13282 nmethods=12457 adapters=738
 compilation: enabled

Compilation events (10 events):
Event: 1413.578 Thread 0x000000005631d000 nmethod 15693 0x0000000005015ad0 code [0x0000000005015d20, 0x0000000005016db8]
Event: 1413.578 Thread 0x000000005631d000 15694       3       org.gradle.api.internal.artifacts.ivyservice.ivyresolve.memcache.InMemoryArtifactsCache::supplyArtifact (29 bytes)
Event: 1413.579 Thread 0x000000005631d000 nmethod 15694 0x0000000005015350 code [0x00000000050154e0, 0x0000000005015968]
Event: 1413.583 Thread 0x000000005631d000 15695       3       org.gradle.api.internal.artifacts.ivyservice.resolveengine.artifact.DefaultArtifactSet$LazyArtifactSource::create (5 bytes)
Event: 1413.585 Thread 0x000000005631d000 nmethod 15695 0x000000000501fcd0 code [0x000000000501fee0, 0x0000000005020a98]
Event: 1413.585 Thread 0x000000005631d000 15696       3       org.gradle.api.internal.artifacts.ivyservice.resolveengine.artifact.DefaultArtifactSet$LazyArtifactSource::create (34 bytes)
Event: 1413.587 Thread 0x000000005631d000 nmethod 15696 0x0000000005021110 code [0x0000000005021300, 0x0000000005021e58]
Event: 1413.601 Thread 0x000000005630f800 nmethod 15679 0x0000000005014710 code [0x00000000050148a0, 0x0000000005014df0]
Event: 1413.601 Thread 0x000000005630f800 15680       4       com.sun.org.apache.xerces.internal.dom.DeferredDocumentImpl::getNodeValue (7 bytes)
Event: 1413.608 Thread 0x000000005630f800 nmethod 15680 0x0000000005025550 code [0x00000000050256a0, 0x00000000050258b8]

GC Heap History (10 events):
Event: 99.914 GC heap before
{Heap before GC invocations=12 (full 3):
 PSYoungGen      total 269312K, used 23008K [0x00000000e0000000, 0x00000000f8700000, 0x0000000100000000)
  eden space 246272K, 0% used [0x00000000e0000000,0x00000000e0000000,0x00000000ef080000)
  from space 23040K, 99% used [0x00000000ef080000,0x00000000f06f8238,0x00000000f0700000)
  to   space 28672K, 0% used [0x00000000f6b00000,0x00000000f6b00000,0x00000000f8700000)
 ParOldGen       total 72704K, used 33883K [0x00000000a0000000, 0x00000000a4700000, 0x00000000e0000000)
  object space 72704K, 46% used [0x00000000a0000000,0x00000000a2116e68,0x00000000a4700000)
 Metaspace       used 56664K, capacity 59068K, committed 59096K, reserved 1099776K
  class space    used 7688K, capacity 8183K, committed 8192K, reserved 1048576K
Event: 101.623 GC heap after
Heap after GC invocations=12 (full 3):
 PSYoungGen      total 269312K, used 0K [0x00000000e0000000, 0x00000000f8700000, 0x0000000100000000)
  eden space 246272K, 0% used [0x00000000e0000000,0x00000000e0000000,0x00000000ef080000)
  from space 23040K, 0% used [0x00000000ef080000,0x00000000ef080000,0x00000000f0700000)
  to   space 28672K, 0% used [0x00000000f6b00000,0x00000000f6b00000,0x00000000f8700000)
 ParOldGen       total 117760K, used 48358K [0x00000000a0000000, 0x00000000a7300000, 0x00000000e0000000)
  object space 117760K, 41% used [0x00000000a0000000,0x00000000a2f398b0,0x00000000a7300000)
 Metaspace       used 56664K, capacity 59068K, committed 59096K, reserved 1099776K
  class space    used 7688K, capacity 8183K, committed 8192K, reserved 1048576K
}
Event: 1126.998 GC heap before
{Heap before GC invocations=13 (full 3):
 PSYoungGen      total 269312K, used 246272K [0x00000000e0000000, 0x00000000f8700000, 0x0000000100000000)
  eden space 246272K, 100% used [0x00000000e0000000,0x00000000ef080000,0x00000000ef080000)
  from space 23040K, 0% used [0x00000000ef080000,0x00000000ef080000,0x00000000f0700000)
  to   space 28672K, 0% used [0x00000000f6b00000,0x00000000f6b00000,0x00000000f8700000)
 ParOldGen       total 117760K, used 48358K [0x00000000a0000000, 0x00000000a7300000, 0x00000000e0000000)
  object space 117760K, 41% used [0x00000000a0000000,0x00000000a2f398b0,0x00000000a7300000)
 Metaspace       used 64085K, capacity 67020K, committed 67288K, reserved 1107968K
  class space    used 8511K, capacity 9147K, committed 9216K, reserved 1048576K
Event: 1127.051 GC heap after
Heap after GC invocations=13 (full 3):
 PSYoungGen      total 343040K, used 14812K [0x00000000e0000000, 0x00000000f7980000, 0x0000000100000000)
  eden space 328192K, 0% used [0x00000000e0000000,0x00000000e0000000,0x00000000f4080000)
  from space 14848K, 99% used [0x00000000f6b00000,0x00000000f7977200,0x00000000f7980000)
  to   space 28160K, 0% used [0x00000000f4280000,0x00000000f4280000,0x00000000f5e00000)
 ParOldGen       total 117760K, used 48366K [0x00000000a0000000, 0x00000000a7300000, 0x00000000e0000000)
  object space 117760K, 41% used [0x00000000a0000000,0x00000000a2f3b8b0,0x00000000a7300000)
 Metaspace       used 64085K, capacity 67020K, committed 67288K, reserved 1107968K
  class space    used 8511K, capacity 9147K, committed 9216K, reserved 1048576K
}
Event: 1153.056 GC heap before
{Heap before GC invocations=14 (full 3):
 PSYoungGen      total 343040K, used 342631K [0x00000000e0000000, 0x00000000f7980000, 0x0000000100000000)
  eden space 328192K, 99% used [0x00000000e0000000,0x00000000f4022c68,0x00000000f4080000)
  from space 14848K, 99% used [0x00000000f6b00000,0x00000000f7977200,0x00000000f7980000)
  to   space 28160K, 0% used [0x00000000f4280000,0x00000000f4280000,0x00000000f5e00000)
 ParOldGen       total 117760K, used 48366K [0x00000000a0000000, 0x00000000a7300000, 0x00000000e0000000)
  object space 117760K, 41% used [0x00000000a0000000,0x00000000a2f3b8b0,0x00000000a7300000)
 Metaspace       used 71181K, capacity 74456K, committed 74584K, reserved 1114112K
  class space    used 9379K, capacity 10027K, committed 10112K, reserved 1048576K
Event: 1153.123 GC heap after
Heap after GC invocations=14 (full 3):
 PSYoungGen      total 358400K, used 8869K [0x00000000e0000000, 0x00000000fd400000, 0x0000000100000000)
  eden space 330240K, 0% used [0x00000000e0000000,0x00000000e0000000,0x00000000f4280000)
  from space 28160K, 31% used [0x00000000f4280000,0x00000000f4b29518,0x00000000f5e00000)
  to   space 27136K, 0% used [0x00000000fb980000,0x00000000fb980000,0x00000000fd400000)
 ParOldGen       total 117760K, used 58882K [0x00000000a0000000, 0x00000000a7300000, 0x00000000e0000000)
  object space 117760K, 50% used [0x00000000a0000000,0x00000000a3980bd0,0x00000000a7300000)
 Metaspace       used 71181K, capacity 74456K, committed 74584K, reserved 1114112K
  class space    used 9379K, capacity 10027K, committed 10112K, reserved 1048576K
}
Event: 1168.919 GC heap before
{Heap before GC invocations=15 (full 3):
 PSYoungGen      total 358400K, used 338994K [0x00000000e0000000, 0x00000000fd400000, 0x0000000100000000)
  eden space 330240K, 99% used [0x00000000e0000000,0x00000000f4263688,0x00000000f4280000)
  from space 28160K, 31% used [0x00000000f4280000,0x00000000f4b29518,0x00000000f5e00000)
  to   space 27136K, 0% used [0x00000000fb980000,0x00000000fb980000,0x00000000fd400000)
 ParOldGen       total 117760K, used 58882K [0x00000000a0000000, 0x00000000a7300000, 0x00000000e0000000)
  object space 117760K, 50% used [0x00000000a0000000,0x00000000a3980bd0,0x00000000a7300000)
 Metaspace       used 75508K, capacity 78984K, committed 79320K, reserved 1118208K
  class space    used 9757K, capacity 10435K, committed 10496K, reserved 1048576K
Event: 1169.042 GC heap after
Heap after GC invocations=15 (full 3):
 PSYoungGen      total 439808K, used 12849K [0x00000000e0000000, 0x00000000fcd00000, 0x0000000100000000)
  eden space 419840K, 0% used [0x00000000e0000000,0x00000000e0000000,0x00000000f9a00000)
  from space 19968K, 64% used [0x00000000fb980000,0x00000000fc60c570,0x00000000fcd00000)
  to   space 26112K, 0% used [0x00000000f9a00000,0x00000000f9a00000,0x00000000fb380000)
 ParOldGen       total 117760K, used 65022K [0x00000000a0000000, 0x00000000a7300000, 0x00000000e0000000)
  object space 117760K, 55% used [0x00000000a0000000,0x00000000a3f7fa78,0x00000000a7300000)
 Metaspace       used 75508K, capacity 78984K, committed 79320K, reserved 1118208K
  class space    used 9757K, capacity 10435K, committed 10496K, reserved 1048576K
}
Event: 1173.539 GC heap before
{Heap before GC invocations=16 (full 3):
 PSYoungGen      total 439808K, used 432630K [0x00000000e0000000, 0x00000000fcd00000, 0x0000000100000000)
  eden space 419840K, 99% used [0x00000000e0000000,0x00000000f99f14a8,0x00000000f9a00000)
  from space 19968K, 64% used [0x00000000fb980000,0x00000000fc60c570,0x00000000fcd00000)
  to   space 26112K, 0% used [0x00000000f9a00000,0x00000000f9a00000,0x00000000fb380000)
 ParOldGen       total 117760K, used 65022K [0x00000000a0000000, 0x00000000a7300000, 0x00000000e0000000)
  object space 117760K, 55% used [0x00000000a0000000,0x00000000a3f7fa78,0x00000000a7300000)
 Metaspace       used 76352K, capacity 79844K, committed 79960K, reserved 1118208K
  class space    used 9861K, capacity 10539K, committed 10624K, reserved 1048576K
Event: 1173.578 GC heap after
Heap after GC invocations=16 (full 3):
 PSYoungGen      total 445952K, used 9270K [0x00000000e0000000, 0x0000000100000000, 0x0000000100000000)
  eden space 419840K, 0% used [0x00000000e0000000,0x00000000e0000000,0x00000000f9a00000)
  from space 26112K, 35% used [0x00000000f9a00000,0x00000000fa30dab8,0x00000000fb380000)
  to   space 25088K, 0% used [0x00000000fe780000,0x00000000fe780000,0x0000000100000000)
 ParOldGen       total 117760K, used 65030K [0x00000000a0000000, 0x00000000a7300000, 0x00000000e0000000)
  object space 117760K, 55% used [0x00000000a0000000,0x00000000a3f81a78,0x00000000a7300000)
 Metaspace       used 76352K, capacity 79844K, committed 79960K, reserved 1118208K
  class space    used 9861K, capacity 10539K, committed 10624K, reserved 1048576K
}

Deoptimization events (10 events):
Event: 1168.617 Thread 0x000000005913c800 Uncommon trap: reason=bimorphic action=maybe_recompile pc=0x0000000003054110 method=java.io.DataInputStream.readUnsignedShort()I @ 4
Event: 1168.719 Thread 0x000000005913c800 Uncommon trap: reason=class_check action=maybe_recompile pc=0x00000000040a7d24 method=com.android.apkzlib.zip.ZipField.checkVerifiesInvariants(J)V @ 25
Event: 1168.721 Thread 0x000000005913c800 Uncommon trap: reason=class_check action=maybe_recompile pc=0x00000000040a7d24 method=com.android.apkzlib.zip.ZipField.checkVerifiesInvariants(J)V @ 25
Event: 1168.774 Thread 0x0000000058b82000 Uncommon trap: reason=class_check action=maybe_recompile pc=0x0000000004554768 method=java.util.concurrent.LinkedBlockingDeque.pollFirst(JLjava/util/concurrent/TimeUnit;)Ljava/lang/Object; @ 2
Event: 1168.899 Thread 0x0000000058b82000 Uncommon trap: reason=class_check action=maybe_recompile pc=0x0000000004554768 method=java.util.concurrent.LinkedBlockingDeque.pollFirst(JLjava/util/concurrent/TimeUnit;)Ljava/lang/Object; @ 2
Event: 1169.993 Thread 0x000000005913c800 Uncommon trap: reason=bimorphic action=maybe_recompile pc=0x000000000361b8e8 method=java.util.AbstractList$Itr.next()Ljava/lang/Object; @ 14
Event: 1171.444 Thread 0x0000000058b7a000 Uncommon trap: reason=bimorphic action=maybe_recompile pc=0x0000000003054110 method=java.io.DataInputStream.readUnsignedShort()I @ 4
Event: 1171.444 Thread 0x0000000058b7a000 Uncommon trap: reason=bimorphic action=maybe_recompile pc=0x0000000003054110 method=java.io.DataInputStream.readUnsignedShort()I @ 4
Event: 1171.447 Thread 0x0000000058b7a000 Uncommon trap: reason=class_check action=maybe_recompile pc=0x0000000003b7ea7c method=com.android.apkzlib.zip.ZipField.checkVerifiesInvariants(J)V @ 25
Event: 1413.650 Thread 0x0000000059139000 Uncommon trap: reason=class_check action=maybe_recompile pc=0x000000000451c564 method=com.google.common.cache.LocalCache$Segment.drainRecencyQueue()V @ 9

Internal exceptions (10 events):
Event: 1167.374 Thread 0x0000000059135000 Exception <a 'sun/nio/fs/WindowsException'> (0x00000000e53ff2e0) thrown at [C:\src\android\AOSP-openjdk\external\jetbrains\jdk\hotspot\src\share\vm\prims\jni.cpp, line 709]
Event: 1167.442 Thread 0x0000000058b7a800 Exception <a 'sun/nio/fs/WindowsException'> (0x00000000e554c0d8) thrown at [C:\src\android\AOSP-openjdk\external\jetbrains\jdk\hotspot\src\share\vm\prims\jni.cpp, line 709]
Event: 1167.614 Thread 0x0000000058b7a800 Exception <a 'sun/nio/fs/WindowsException'> (0x00000000e5568628) thrown at [C:\src\android\AOSP-openjdk\external\jetbrains\jdk\hotspot\src\share\vm\prims\jni.cpp, line 709]
Event: 1168.035 Thread 0x0000000058b7a000 Exception <a 'sun/nio/fs/WindowsException'> (0x00000000e548d9d8) thrown at [C:\src\android\AOSP-openjdk\external\jetbrains\jdk\hotspot\src\share\vm\prims\jni.cpp, line 709]
Event: 1168.041 Thread 0x0000000059135000 Exception <a 'sun/nio/fs/WindowsException'> (0x00000000e541bc18) thrown at [C:\src\android\AOSP-openjdk\external\jetbrains\jdk\hotspot\src\share\vm\prims\jni.cpp, line 709]
Event: 1168.080 Thread 0x0000000058b7a800 Exception <a 'sun/nio/fs/WindowsException'> (0x00000000e55854a0) thrown at [C:\src\android\AOSP-openjdk\external\jetbrains\jdk\hotspot\src\share\vm\prims\jni.cpp, line 709]
Event: 1173.687 Thread 0x000000005913c800 Exception <a 'java/io/FileNotFoundException'> (0x00000000e05f6cd0) thrown at [C:\src\android\AOSP-openjdk\external\jetbrains\jdk\hotspot\src\share\vm\prims\jni.cpp, line 709]
Event: 1173.947 Thread 0x000000005913c800 Exception <a 'sun/nio/fs/WindowsException'> (0x00000000e08b9b78) thrown at [C:\src\android\AOSP-openjdk\external\jetbrains\jdk\hotspot\src\share\vm\prims\jni.cpp, line 709]
Event: 1412.979 Thread 0x0000000059139000 Exception <a 'java/lang/ClassNotFoundException': asLocalRepo3459_5ud561fu3nj5frc7jh2w681afBeanInfo> (0x00000000e1a5fb38) thrown at [C:\src\android\AOSP-openjdk\external\jetbrains\jdk\hotspot\src\share\vm\classfile\systemDictionary.cpp, line 210]
Event: 1412.980 Thread 0x0000000059139000 Exception <a 'java/lang/ClassNotFoundException': asLocalRepo3459_5ud561fu3nj5frc7jh2w681afCustomizer> (0x00000000e1a6b120) thrown at [C:\src\android\AOSP-openjdk\external\jetbrains\jdk\hotspot\src\share\vm\classfile\systemDictionary.cpp, line 210]

Events (10 events):
Event: 1413.012 loading class asLocalRepo3459_5ud561fu3nj5frc7jh2w681af$_run_closure1$_closure3 done
Event: 1413.013 loading class groovy/runtime/metaclass/asLocalRepo3459_5ud561fu3nj5frc7jh2w681af$_run_closure1$_closure3MetaClass
Event: 1413.013 loading class groovy/runtime/metaclass/asLocalRepo3459_5ud561fu3nj5frc7jh2w681af$_run_closure1$_closure3MetaClass done
Event: 1413.014 loading class asLocalRepo3459_5ud561fu3nj5frc7jh2w681af$_run_closure1$_closure3$_closure6
Event: 1413.014 loading class asLocalRepo3459_5ud561fu3nj5frc7jh2w681af$_run_closure1$_closure3$_closure6 done
Event: 1413.015 loading class groovy/runtime/metaclass/asLocalRepo3459_5ud561fu3nj5frc7jh2w681af$_run_closure1$_closure3$_closure6MetaClass
Event: 1413.015 loading class groovy/runtime/metaclass/asLocalRepo3459_5ud561fu3nj5frc7jh2w681af$_run_closure1$_closure3$_closure6MetaClass done
Event: 1413.650 Thread 0x0000000059139000 Uncommon trap: trap_request=0xffffffde fr.pc=0x000000000451c564
Event: 1413.650 Thread 0x0000000059139000 DEOPT PACKING pc=0x000000000451c564 sp=0x000000005b7dca60
Event: 1413.650 Thread 0x0000000059139000 DEOPT UNPACKING pc=0x000000000277556a sp=0x000000005b7dc948 mode 2


Dynamic libraries:
0x000000013fc20000 - 0x000000013fc51000 	C:\Program Files\Android\Android Studio\jre\bin\java.exe
0x00000000779a0000 - 0x0000000077b4b000 	C:\Windows\SYSTEM32\ntdll.dll
0x0000000077780000 - 0x000000007789f000 	C:\Windows\system32\kernel32.dll
0x000007fefda10000 - 0x000007fefda7b000 	C:\Windows\system32\KERNELBASE.dll
0x000007feffbd0000 - 0x000007feffcab000 	C:\Windows\system32\ADVAPI32.dll
0x000007fefe010000 - 0x000007fefe0af000 	C:\Windows\system32\msvcrt.dll
0x000007fefdd90000 - 0x000007fefddaf000 	C:\Windows\SYSTEM32\sechost.dll
0x000007feff7e0000 - 0x000007feff90e000 	C:\Windows\system32\RPCRT4.dll
0x00000000778a0000 - 0x000000007799a000 	C:\Windows\system32\USER32.dll
0x000007fefdd20000 - 0x000007fefdd87000 	C:\Windows\system32\GDI32.dll
0x000007feff450000 - 0x000007feff45e000 	C:\Windows\system32\LPK.dll
0x000007feff710000 - 0x000007feff7da000 	C:\Windows\system32\USP10.dll
0x000007fefc390000 - 0x000007fefc584000 	C:\Windows\WinSxS\amd64_microsoft.windows.common-controls_6595b64144ccf1df_6.0.7600.16385_none_fa645303170382f6\COMCTL32.dll
0x000007fefe500000 - 0x000007fefe571000 	C:\Windows\system32\SHLWAPI.dll
0x000007feffa90000 - 0x000007feffabe000 	C:\Windows\system32\IMM32.DLL
0x000007fefe190000 - 0x000007fefe299000 	C:\Windows\system32\MSCTF.dll
0x00000000654f0000 - 0x00000000655c2000 	C:\Program Files\Android\Android Studio\jre\jre\bin\msvcr100.dll
0x000000006db50000 - 0x000000006e38c000 	C:\Program Files\Android\Android Studio\jre\jre\bin\server\jvm.dll
0x000007fef8430000 - 0x000007fef8439000 	C:\Windows\system32\WSOCK32.dll
0x000007fefdcd0000 - 0x000007fefdd1d000 	C:\Windows\system32\WS2_32.dll
0x000007feff440000 - 0x000007feff448000 	C:\Windows\system32\NSI.dll
0x000007fef9a00000 - 0x000007fef9a3b000 	C:\Windows\system32\WINMM.dll
0x000007fefc840000 - 0x000007fefc84c000 	C:\Windows\system32\VERSION.dll
0x0000000077b70000 - 0x0000000077b77000 	C:\Windows\system32\PSAPI.DLL
0x000007fefb340000 - 0x000007fefb34f000 	C:\Program Files\Android\Android Studio\jre\jre\bin\verify.dll
0x000007fef23c0000 - 0x000007fef23e9000 	C:\Program Files\Android\Android Studio\jre\jre\bin\java.dll
0x000007fef23a0000 - 0x000007fef23b6000 	C:\Program Files\Android\Android Studio\jre\jre\bin\zip.dll
0x000007fefe580000 - 0x000007feff306000 	C:\Windows\system32\SHELL32.dll
0x000007feff500000 - 0x000007feff701000 	C:\Windows\system32\ole32.dll
0x000007fefd900000 - 0x000007fefd90f000 	C:\Windows\system32\profapi.dll
0x000007fef22b0000 - 0x000007fef22ca000 	C:\Program Files\Android\Android Studio\jre\jre\bin\net.dll
0x000007fefd170000 - 0x000007fefd1c4000 	C:\Windows\system32\mswsock.dll
0x000007fefd160000 - 0x000007fefd167000 	C:\Windows\System32\wship6.dll
0x000007fef2290000 - 0x000007fef22a1000 	C:\Program Files\Android\Android Studio\jre\jre\bin\nio.dll
0x000007fefc270000 - 0x000007fefc28e000 	C:\Users\kh\.gradle\native\23\windows-amd64\native-platform.dll
0x000007fefd1d0000 - 0x000007fefd1e7000 	C:\Windows\system32\CRYPTSP.dll
0x000007fefced0000 - 0x000007fefcf17000 	C:\Windows\system32\rsaenh.dll
0x000007fefcc50000 - 0x000007fefcc6e000 	C:\Windows\system32\USERENV.dll
0x000007fefd830000 - 0x000007fefd83f000 	C:\Windows\system32\CRYPTBASE.dll
0x000007fefb260000 - 0x000007fefb287000 	C:\Windows\system32\IPHLPAPI.DLL
0x000007fefb250000 - 0x000007fefb25b000 	C:\Windows\system32\WINNSI.DLL
0x000007fefa840000 - 0x000007fefa851000 	C:\Windows\system32\dhcpcsvc6.DLL
0x000007fefa820000 - 0x000007fefa838000 	C:\Windows\system32\dhcpcsvc.DLL
0x000007fef7c10000 - 0x000007fef7c1d000 	C:\Program Files\Android\Android Studio\jre\jre\bin\management.dll
0x000007fefd7d0000 - 0x000007fefd827000 	C:\Windows\system32\apphelp.dll
0x000007fef1f00000 - 0x000007fef1f24000 	C:\Program Files\Android\Android Studio\jre\jre\bin\sunec.dll
0x000007fefcb40000 - 0x000007fefcb47000 	C:\Windows\System32\wshtcpip.dll
0x000007fefcff0000 - 0x000007fefd04b000 	C:\Windows\system32\DNSAPI.dll
0x000007fef8cf0000 - 0x000007fef8cf8000 	C:\Windows\system32\rasadhlp.dll
0x000007fefab20000 - 0x000007fefab73000 	C:\Windows\System32\fwpuclnt.dll
0x000007fef2390000 - 0x000007fef239b000 	C:\Program Files\Android\Android Studio\jre\jre\bin\sunmscapi.dll
0x000007fefdb60000 - 0x000007fefdcc6000 	C:\Windows\system32\CRYPT32.dll
0x000007fefd9a0000 - 0x000007fefd9af000 	C:\Windows\system32\MSASN1.dll
0x000007fef8960000 - 0x000007fef8a85000 	C:\Windows\system32\dbghelp.dll

VM Arguments:
jvm_args: -Xmx1536m -Dfile.encoding=windows-1252 -Duser.country=US -Duser.language=en -Duser.variant 
java_command: org.gradle.launcher.daemon.bootstrap.GradleDaemon 3.3
java_class_path (initial): C:\Users\kh\.gradle\wrapper\dists\gradle-3.3-all\55gk2rcmfc6p2dg9u9ohc3hw9\gradle-3.3\lib\gradle-launcher-3.3.jar
Launcher Type: SUN_STANDARD

Environment Variables:
PATH=C:\Windows\system32;C:\Windows;C:\Windows\System32\Wbem;C:\Windows\System32\WindowsPowerShell\v1.0\;C:\Program Files\Git\cmd;C:\Program Files\nodejs\;C:\Users\kh\AppData\Roaming\npm
USERNAME=kh
OS=Windows_NT
PROCESSOR_IDENTIFIER=Intel64 Family 6 Model 37 Stepping 2, GenuineIntel



---------------  S Y S T E M  ---------------

OS: Windows 7 , 64 bit Build 7600 (6.1.7600.16385)

CPU:total 4 (2 cores per cpu, 2 threads per core) family 6 model 37 stepping 2, cmov, cx8, fxsr, mmx, sse, sse2, sse3, ssse3, sse4.1, sse4.2, popcnt, ht, tsc, tscinvbit

Memory: 4k page, physical 6148632k(879764k free), swap 12295368k(6054476k free)

vm_info: OpenJDK 64-Bit Server VM (25.112-b06) for windows-amd64 JRE (1.8.0_112-release-b06), built on Dec  8 2016 00:54:26 by "builder" with MS VC++ 10.0 (VS2010)

time: Mon Aug 14 13:10:27 2017
elapsed time: 1414 seconds (0d 0h 23m 34s)

